Log file open, 11/08/18 17:42:03
LogWindows: Failed to load 'aqProf.dll' (GetLastError=126)
LogWindows: File 'aqProf.dll' does not exist
LogWindows: Failed to load 'VSPerf140.dll' (GetLastError=126)
LogWindows: File 'VSPerf140.dll' does not exist
LogWindows: Failed to load 'VtuneApi.dll' (GetLastError=126)
LogWindows: File 'VtuneApi.dll' does not exist
LogWindows: Failed to load 'VtuneApi32e.dll' (GetLastError=126)
LogWindows: File 'VtuneApi32e.dll' does not exist
LogInit: Display: Running engine for game: BattleTank
LogPlatformFile: Not using cached read wrapper
LogTaskGraph: Started task graph with 5 named threads and 35 total threads with 3 sets of task threads.
LogStats: Stats thread started at 0.448593
LogD3D11RHI: Loaded GFSDK_Aftermath_Lib.x64.dll
LogICUInternationalization: Display: ICU TimeZone Detection - Raw Offset: +7:00, Platform Override: ''
LogPluginManager: Mounting plugin Paper2D
LogPluginManager: Mounting plugin AISupport
LogPluginManager: Mounting plugin LightPropagationVolume
LogPluginManager: Mounting plugin CLionSourceCodeAccess
LogPluginManager: Mounting plugin CodeLiteSourceCodeAccess
LogPluginManager: Mounting plugin GitSourceControl
LogPluginManager: Mounting plugin KDevelopSourceCodeAccess
LogPluginManager: Mounting plugin NullSourceCodeAccess
LogPluginManager: Mounting plugin PerforceSourceControl
LogPluginManager: Mounting plugin SubversionSourceControl
LogPluginManager: Mounting plugin UObjectPlugin
LogPluginManager: Mounting plugin VisualStudioCodeSourceCodeAccess
LogPluginManager: Mounting plugin VisualStudioSourceCodeAccess
LogPluginManager: Mounting plugin XCodeSourceCodeAccess
LogPluginManager: Mounting plugin AssetManagerEditor
LogPluginManager: Mounting plugin CryptoKeys
LogPluginManager: Mounting plugin DataValidation
LogPluginManager: Mounting plugin FacialAnimation
LogPluginManager: Mounting plugin GameplayTagsEditor
LogPluginManager: Mounting plugin MacGraphicsSwitching
LogPluginManager: Mounting plugin MeshEditor
LogPluginManager: Mounting plugin MobileLauncherProfileWizard
LogPluginManager: Mounting plugin PluginBrowser
LogPluginManager: Mounting plugin SpeedTreeImporter
LogPluginManager: Mounting plugin DatasmithContent
LogPluginManager: Mounting plugin AlembicImporter
LogPluginManager: Mounting plugin AppleImageUtils
LogPluginManager: Mounting plugin AppleVision
LogPluginManager: Mounting plugin BackChannel
LogPluginManager: Mounting plugin CharacterAI
LogPluginManager: Mounting plugin GeometryCache
LogPluginManager: Mounting plugin HTML5Networking
LogPluginManager: Mounting plugin ProxyLODPlugin
LogPluginManager: Mounting plugin MagicLeap
LogPluginManager: Mounting plugin MagicLeapEmulator
LogPluginManager: Mounting plugin MagicLeapMedia
LogPluginManager: Mounting plugin AndroidMedia
LogPluginManager: Mounting plugin AvfMedia
LogPluginManager: Mounting plugin ImgMedia
LogPluginManager: Mounting plugin LinearTimecode
LogPluginManager: Mounting plugin MediaCompositing
LogPluginManager: Mounting plugin MediaPlayerEditor
LogPluginManager: Mounting plugin WmfMedia
LogPluginManager: Mounting plugin TcpMessaging
LogPluginManager: Mounting plugin UdpMessaging
LogPluginManager: Mounting plugin ActorSequence
LogPluginManager: Mounting plugin LevelSequenceEditor
LogPluginManager: Mounting plugin MatineeToLevelSequence
LogPluginManager: Mounting plugin NetcodeUnitTest
LogPluginManager: Mounting plugin NUTUnrealEngine4
LogPluginManager: Mounting plugin OnlineSubsystemGooglePlay
LogPluginManager: Mounting plugin OnlineSubsystemIOS
LogPluginManager: Mounting plugin OnlineSubsystem
LogPluginManager: Mounting plugin OnlineSubsystemNull
LogPluginManager: Mounting plugin OnlineSubsystemUtils
LogPluginManager: Mounting plugin LauncherChunkInstaller
LogPluginManager: Mounting plugin AndroidDeviceProfileSelector
LogPluginManager: Mounting plugin AndroidMoviePlayer
LogPluginManager: Mounting plugin AndroidPermission
LogPluginManager: Mounting plugin AppleMoviePlayer
LogPluginManager: Mounting plugin ArchVisCharacter
LogPluginManager: Mounting plugin AudioCapture
LogPluginManager: Mounting plugin CableComponent
LogPluginManager: Mounting plugin CustomMeshComponent
LogPluginManager: Mounting plugin EditableMesh
LogPluginManager: Mounting plugin ExampleDeviceProfileSelector
LogPluginManager: Mounting plugin GoogleCloudMessaging
LogPluginManager: Mounting plugin ImmediatePhysics
LogPluginManager: Mounting plugin IOSDeviceProfileSelector
LogPluginManager: Mounting plugin LinuxDeviceProfileSelector
LogPluginManager: Mounting plugin LocationServicesBPLibrary
LogPluginManager: Mounting plugin MobilePatchingUtils
LogPluginManager: Mounting plugin OculusVR
LogPluginManager: Plugin shader directory ../../../Engine/Plugins/Runtime/Oculus/OculusVR/Shaders found
LogPluginManager: Mapping shader source directory ../../../Engine/Plugins/Runtime/Oculus/OculusVR/Shaders to virtual directory /Plugin/OculusVR
LogPluginManager: Mounting plugin PhysXVehicles
LogPluginManager: Mounting plugin ProceduralMeshComponent
LogPluginManager: Mounting plugin RuntimePhysXCooking
LogPluginManager: Mounting plugin SteamVR
LogPluginManager: Mounting plugin WindowsMoviePlayer
LogStreaming: Display: Took  0.090s to configure plugins.
LogInit: Using libcurl 7.55.1-DEV
LogInit:  - built for x86_64-pc-win32
LogInit:  - supports SSL with OpenSSL/1.0.2h
LogInit:  - supports HTTP deflate (compression) using libz 1.2.8
LogInit:  - other features:
LogInit:      CURL_VERSION_SSL
LogInit:      CURL_VERSION_LIBZ
LogInit:      CURL_VERSION_IPV6
LogInit:      CURL_VERSION_ASYNCHDNS
LogInit:      CURL_VERSION_LARGEFILE
LogInit:      CURL_VERSION_IDN
LogInit:  CurlRequestOptions (configurable via config and command line):
LogInit:  - bVerifyPeer = false  - Libcurl will NOT verify peer certificate
LogInit:  - bUseHttpProxy = false  - Libcurl will NOT use HTTP proxy
LogInit:  - bDontReuseConnections = false  - Libcurl will reuse connections
LogInit:  - CertBundlePath = nullptr  - Libcurl will use whatever was configured at build time.
LogInit:  - MaxHostConnections = 16  - Libcurl will limit the number of connections to a host
LogInit:  - LocalHostAddr = Default
LogInit:  - BufferSize = 65536
LogInit: WinSock: version 1.1 (2.2), MaxSocks=32767, MaxUdp=65467
LogInit: Build: ++UE4+Release-4.20-CL-4302132
LogInit: Engine Version: 4.20.2-4302132+++UE4+Release-4.20
LogInit: Compatible Engine Version: 4.20.0-4212847+++UE4+Release-4.20
LogInit: Net CL: 4212847
LogInit: OS: Windows 10 (), CPU: Intel(R) Core(TM) i7-5820K CPU @ 3.30GHz, GPU: AMD Radeon R9 200 Series
LogInit: Compiled (64-bit): Aug 21 2018 02:06:06
LogInit: Compiled with Visual C++: 19.13.26129.00
LogInit: Build Configuration: Development
LogInit: Branch Name: ++UE4+Release-4.20
LogInit: Command Line:  
LogInit: Base Directory: D:/Program Files (x86)/Unreal Engine/UE_4.20/Engine/Binaries/Win64/
LogInit: Installed Engine Build: 1
LogDevObjectVersion: Number of dev versions registered: 20
LogDevObjectVersion:   Dev-Blueprints (B0D832E4-1F89-4F0D-ACCF-7EB736FD4AA2): 10
LogDevObjectVersion:   Dev-Build (E1C64328-A22C-4D53-A36C-8E866417BD8C): 0
LogDevObjectVersion:   Dev-Core (375EC13C-06E4-48FB-B500-84F0262A717E): 2
LogDevObjectVersion:   Dev-Editor (E4B068ED-F494-42E9-A231-DA0B2E46BB41): 24
LogDevObjectVersion:   Dev-Framework (CFFC743F-43B0-4480-9391-14DF171D2073): 34
LogDevObjectVersion:   Dev-Mobile (B02B49B5-BB20-44E9-A304-32B752E40360): 2
LogDevObjectVersion:   Dev-Networking (A4E4105C-59A1-49B5-A7C5-40C4547EDFEE): 0
LogDevObjectVersion:   Dev-Online (39C831C9-5AE6-47DC-9A44-9C173E1C8E7C): 0
LogDevObjectVersion:   Dev-Physics (78F01B33-EBEA-4F98-B9B4-84EACCB95AA2): 0
LogDevObjectVersion:   Dev-Platform (6631380F-2D4D-43E0-8009-CF276956A95A): 0
LogDevObjectVersion:   Dev-Rendering (12F88B9F-8875-4AFC-A67C-D90C383ABD29): 26
LogDevObjectVersion:   Dev-Sequencer (7B5AE74C-D270-4C10-A958-57980B212A5A): 9
LogDevObjectVersion:   Dev-VR (D7296918-1DD6-4BDD-9DE2-64A83CC13884): 2
LogDevObjectVersion:   Dev-LoadTimes (C2A15278-BFE7-4AFE-6C17-90FF531DF755): 1
LogDevObjectVersion:   Private-Geometry (6EACA3D4-40EC-4CC1-B786-8BED09428FC5): 3
LogDevObjectVersion:   Dev-AnimPhys (29E575DD-E0A3-4627-9D10-D276232CDCEA): 17
LogDevObjectVersion:   Dev-ReflectionCapture (6B266CEC-1EC7-4B8F-A30B-E4D90942FC07): 1
LogDevObjectVersion:   Dev-Automation (0DF73D61-A23F-47EA-B727-89E90C41499A): 1
LogDevObjectVersion:   FortniteMain (601D1886-AC64-4F84-AA16-D3DE0DEAC7D6): 12
LogDevObjectVersion:   Dev-Enterprise (9DFFBCD6-494F-0158-E221-12823C92A888): 1
LogStreaming: Display: Took  0.001s to delete old logs.
LogInit: Presizing for max 8388607 objects, including 0 objects not considered by GC, pre-allocating 0 bytes for permanent pool.
LogInit: Object subsystem initialized
[2018.11.08-10.42.03:449][  0]LogInit: Selected Device Profile: [Windows]
[2018.11.08-10.42.03:449][  0]LogInit: Applying CVar settings loaded from the selected device profile: [Windows]
[2018.11.08-10.42.03:477][  0]LogHAL: Display: Platform has ~ 16 GB [17087963136 / 17179869184 / 16], which maps to Larger [LargestMinGB=32, LargerMinGB=12, DefaultMinGB=8, SmallerMinGB=6, SmallestMinGB=0)
[2018.11.08-10.42.03:477][  0]LogInit: Setting Device Profile CVar: [[r.Vulkan.UseRealUBs:1]]
[2018.11.08-10.42.03:477][  0]LogInit: Going up to parent DeviceProfile []
[2018.11.08-10.42.03:477][  0]LogInit: Computer: DESKTOP-JJ2FPLO
[2018.11.08-10.42.03:477][  0]LogInit: User: truon
[2018.11.08-10.42.03:478][  0]LogInit: CPU Page size=4096, Cores=6
[2018.11.08-10.42.03:478][  0]LogInit: High frequency timer resolution =3.222655 MHz
[2018.11.08-10.42.03:478][  0]LogMemory: Memory total: Physical=15.9GB (16GB approx)
[2018.11.08-10.42.03:478][  0]LogMemory: Platform Memory Stats for Windows
[2018.11.08-10.42.03:478][  0]LogMemory: Process Physical Memory: 101.59 MB used, 101.59 MB peak
[2018.11.08-10.42.03:478][  0]LogMemory: Process Virtual Memory: 85.91 MB used, 85.91 MB peak
[2018.11.08-10.42.03:478][  0]LogMemory: Physical Memory: 7272.24 MB used,  9024.11 MB free, 16296.35 MB total
[2018.11.08-10.42.03:478][  0]LogMemory: Virtual Memory: 4657.16 MB used,  9024.11 MB free, 134217728.00 MB total
[2018.11.08-10.42.03:507][  0]LogInit: Using OS detected language (en-US).
[2018.11.08-10.42.03:507][  0]LogInit: Using OS detected locale (en-US).
[2018.11.08-10.42.03:508][  0]LogTextLocalizationManager: No specific localization for 'en-US' exists, so the 'en' localization will be used.
[2018.11.08-10.42.03:918][  0]LogStreaming: Display: Took  0.412s to InitEngineTextLocalization.
[2018.11.08-10.42.03:919][  0]LogInit: Setting process to per monitor DPI aware
[2018.11.08-10.42.03:965][  0]LogSlate: New Slate User Created.  User Index 0, Is Virtual User: 0
[2018.11.08-10.42.03:965][  0]LogSlate: Slate User Registered.  User Index 0, Is Virtual User: 0
[2018.11.08-10.42.04:214][  0]LogHMD: Failed to initialize OpenVR with code 110
[2018.11.08-10.42.04:214][  0]LogD3D11RHI: D3D11 adapters:
[2018.11.08-10.42.04:258][  0]LogD3D11RHI:    0. 'AMD Radeon R9 200 Series' (Feature Level 11_0)
[2018.11.08-10.42.04:258][  0]LogD3D11RHI:       3052/0/8148 MB DedicatedVideo/DedicatedSystem/SharedSystem, Outputs:1, VendorId:0x1002
[2018.11.08-10.42.04:263][  0]LogD3D11RHI:    1. 'Microsoft Basic Render Driver' (Feature Level 11_0)
[2018.11.08-10.42.04:263][  0]LogD3D11RHI:       0/0/8148 MB DedicatedVideo/DedicatedSystem/SharedSystem, Outputs:0, VendorId:0x1414
[2018.11.08-10.42.04:263][  0]LogD3D11RHI: Chosen D3D11 Adapter: 0
[2018.11.08-10.42.04:273][  0]LogD3D11RHI: Creating new Direct3DDevice
[2018.11.08-10.42.04:273][  0]LogD3D11RHI:     GPU DeviceId: 0x679a (for the marketing name, search the web for "GPU Device Id")
[2018.11.08-10.42.04:273][  0]LogWindows: EnumDisplayDevices:
[2018.11.08-10.42.04:274][  0]LogWindows:    0. 'AMD Radeon R9 200 Series' (P:1 D:1)
[2018.11.08-10.42.04:274][  0]LogWindows:    1. 'AMD Radeon R9 200 Series' (P:0 D:0)
[2018.11.08-10.42.04:275][  0]LogWindows:    2. 'AMD Radeon R9 200 Series' (P:0 D:0)
[2018.11.08-10.42.04:275][  0]LogWindows:    3. 'AMD Radeon R9 200 Series' (P:0 D:0)
[2018.11.08-10.42.04:276][  0]LogWindows:    4. 'AMD Radeon R9 200 Series' (P:0 D:0)
[2018.11.08-10.42.04:276][  0]LogWindows:    5. 'AMD Radeon R9 200 Series' (P:0 D:0)
[2018.11.08-10.42.04:277][  0]LogWindows:    6. 'AMD Radeon R9 200 Series' (P:0 D:0)
[2018.11.08-10.42.04:277][  0]LogWindows: DebugString: FoundDriverCount:7 
[2018.11.08-10.42.04:277][  0]LogD3D11RHI:     Adapter Name: AMD Radeon R9 200 Series
[2018.11.08-10.42.04:277][  0]LogD3D11RHI:   Driver Version: Adrenalin 18.8.2 (internal:24.20.13011.1009, unified:24.20.13011.1009)
[2018.11.08-10.42.04:277][  0]LogD3D11RHI:      Driver Date: 8-27-2018
[2018.11.08-10.42.04:277][  0]LogRHI: Texture pool is 2136 MB (70% of 3052 MB)
[2018.11.08-10.42.04:348][  0]LogD3D11RHI: Async texture creation enabled
[2018.11.08-10.42.04:362][  0]LogD3D11RHI: GPU Timing Frequency: 27.000000 (Debug: 2 1)
[2018.11.08-10.42.04:363][  0]LogShaderCompilers: Guid format shader working directory is 7 characters bigger than the processId version (F:/UnrealProjects/BattleTank/BattleTank/Intermediate/Shaders/WorkingDirectory/1736/).
[2018.11.08-10.42.04:364][  0]LogShaderCompilers: Cleaned the shader compiler working directory 'C:/Users/truon/AppData/Local/Temp/UnrealShaderWorkingDir/381110B64DB3B21F4BE47F981D29B53C/'.
[2018.11.08-10.42.04:655][  0]LogTemp: Display: Loaded TP AllDesktopTargetPlatform
[2018.11.08-10.42.04:671][  0]LogTemp: Display: Loaded TP MacClientTargetPlatform
[2018.11.08-10.42.04:687][  0]LogTemp: Display: Loaded TP MacNoEditorTargetPlatform
[2018.11.08-10.42.04:702][  0]LogTemp: Display: Loaded TP MacServerTargetPlatform
[2018.11.08-10.42.04:718][  0]LogTemp: Display: Loaded TP MacTargetPlatform
[2018.11.08-10.42.04:733][  0]LogTemp: Display: Loaded TP WindowsClientTargetPlatform
[2018.11.08-10.42.04:749][  0]LogTemp: Display: Loaded TP WindowsNoEditorTargetPlatform
[2018.11.08-10.42.04:765][  0]LogTemp: Display: Loaded TP WindowsServerTargetPlatform
[2018.11.08-10.42.04:773][  0]LogTemp: Display: Loaded TP WindowsTargetPlatform
[2018.11.08-10.42.04:855][  0]LogTemp: Display: Loaded TP AndroidTargetPlatform
[2018.11.08-10.42.04:855][  0]LogTemp: Display: Loaded TP AndroidTargetPlatform
[2018.11.08-10.42.04:855][  0]LogTemp: Display: Loaded TP AndroidTargetPlatform
[2018.11.08-10.42.04:855][  0]LogTemp: Display: Loaded TP AndroidTargetPlatform
[2018.11.08-10.42.04:855][  0]LogTemp: Display: Loaded TP AndroidTargetPlatform
[2018.11.08-10.42.04:855][  0]LogTemp: Display: Loaded TP AndroidTargetPlatform
[2018.11.08-10.42.04:855][  0]LogTemp: Display: Loaded TP AndroidTargetPlatform
[2018.11.08-10.42.04:855][  0]LogTemp: Display: Loaded TP AndroidTargetPlatform
[2018.11.08-10.42.04:855][  0]LogTemp: Display: Loaded TP AndroidTargetPlatform
[2018.11.08-10.42.04:855][  0]LogTemp: Display: Loaded TP AndroidTargetPlatform
[2018.11.08-10.42.04:855][  0]LogTemp: Display: Loaded TP AndroidTargetPlatform
[2018.11.08-10.42.04:855][  0]LogTemp: Display: Loaded TP AndroidTargetPlatform
[2018.11.08-10.42.04:855][  0]LogTemp: Display: Loaded TP AndroidTargetPlatform
[2018.11.08-10.42.04:855][  0]LogTemp: Display: Loaded TP AndroidTargetPlatform
[2018.11.08-10.42.04:855][  0]LogTemp: Display: Loaded TP AndroidTargetPlatform
[2018.11.08-10.42.04:855][  0]LogTemp: Display: Loaded TP AndroidTargetPlatform
[2018.11.08-10.42.04:855][  0]LogTemp: Display: Loaded TP AndroidTargetPlatform
[2018.11.08-10.42.04:855][  0]LogTemp: Display: Loaded TP AndroidTargetPlatform
[2018.11.08-10.42.04:857][  0]LogTemp: Display: Loaded TP HTML5TargetPlatform
[2018.11.08-10.42.04:932][  0]LogTemp: Display: Loaded TP IOSTargetPlatform
[2018.11.08-10.42.04:932][  0]LogTemp: Display: Loaded TP IOSTargetPlatform
[2018.11.08-10.42.04:965][  0]LogTemp: Display: Loaded TP TVOSTargetPlatform
[2018.11.08-10.42.04:965][  0]LogTemp: Display: Loaded TP TVOSTargetPlatform
[2018.11.08-10.42.04:979][  0]LogTemp: Display: Loaded TP LinuxClientTargetPlatform
[2018.11.08-10.42.04:993][  0]LogTemp: Display: Loaded TP LinuxNoEditorTargetPlatform
[2018.11.08-10.42.05:006][  0]LogTemp: Display: Loaded TP LinuxServerTargetPlatform
[2018.11.08-10.42.05:020][  0]LogTemp: Display: Loaded TP LinuxTargetPlatform
[2018.11.08-10.42.05:030][  0]LogTemp: Display: Loaded TP LuminTargetPlatform
[2018.11.08-10.42.05:030][  0]LogTargetPlatformManager: Display: Building Assets For Windows
[2018.11.08-10.42.05:126][  0]LogXGEController: Cleaning working directory: C:/Users/truon/AppData/Local/Temp/UnrealXGEWorkingDir/
[2018.11.08-10.42.05:126][  0]LogXGEController: Cannot use XGE Controller as Incredibuild is not installed on this machine.
[2018.11.08-10.42.05:127][  0]LogShaderCompilers: Cannot use XGE Shader Compiler as Incredibuild is not installed on this machine.
[2018.11.08-10.42.05:127][  0]LogShaderCompilers: Display: Using Local Shader Compiler.
[2018.11.08-10.42.06:144][  0]LogDerivedDataCache: Display: Max Cache Size: 512 MB
[2018.11.08-10.42.06:245][  0]LogDerivedDataCache: Loaded boot cache 0.10s 71MB C:/Users/truon/AppData/Local/UnrealEngine/4.20/DerivedDataCache/Boot.ddc.
[2018.11.08-10.42.06:246][  0]LogDerivedDataCache: Display: Loaded Boot cache: C:/Users/truon/AppData/Local/UnrealEngine/4.20/DerivedDataCache/Boot.ddc
[2018.11.08-10.42.06:246][  0]LogDerivedDataCache: FDerivedDataBackendGraph:  Pak pak cache file F:/UnrealProjects/BattleTank/BattleTank/DerivedDataCache/DDC.ddp not found, will not use a pak cache.
[2018.11.08-10.42.06:246][  0]LogDerivedDataCache: Unable to find inner node Pak for hierarchical cache Hierarchy.
[2018.11.08-10.42.06:246][  0]LogDerivedDataCache: FDerivedDataBackendGraph:  CompressedPak pak cache file F:/UnrealProjects/BattleTank/BattleTank/DerivedDataCache/Compressed.ddp not found, will not use a pak cache.
[2018.11.08-10.42.06:246][  0]LogDerivedDataCache: Unable to find inner node CompressedPak for hierarchical cache Hierarchy.
[2018.11.08-10.42.06:263][  0]LogDerivedDataCache: Display: Pak cache opened for reading ../../../Engine/DerivedDataCache/Compressed.ddp.
[2018.11.08-10.42.06:277][  0]LogDerivedDataCache: Using Local data cache path C:/Users/truon/AppData/Local/UnrealEngine/Common/DerivedDataCache: Writable
[2018.11.08-10.42.06:277][  0]LogDerivedDataCache: Shared data cache path not found in *engine.ini, will not use an Shared cache.
[2018.11.08-10.42.06:277][  0]LogDerivedDataCache: Unable to find inner node Shared for hierarchical cache Hierarchy.
[2018.11.08-10.42.06:327][  0]LogMaterial: Verifying Global Shaders for PCD3D_SM5
[2018.11.08-10.42.06:329][  0]LogSlate: Using FreeType 2.6.0
[2018.11.08-10.42.06:330][  0]LogSlate: SlateFontServices - WITH_FREETYPE: 1, WITH_HARFBUZZ: 1
[2018.11.08-10.42.06:428][  0]LogAssetRegistry: FAssetRegistry took 0.0263 seconds to start up
[2018.11.08-10.42.06:816][  0]LogInit: Selected Device Profile: [Windows]
[2018.11.08-10.42.06:921][  0]LogSimplygon: Simplygon DLL not present - disabling.
[2018.11.08-10.42.06:928][  0]LogMeshReduction: Using SimplygonSwarm for distributed automatic mesh merging
[2018.11.08-10.42.06:928][  0]LogMeshReduction: Using ProxyLODMeshReduction for automatic mesh merging
[2018.11.08-10.42.06:928][  0]LogMeshReduction: Using QuadricMeshReduction for automatic static mesh reduction
[2018.11.08-10.42.06:928][  0]LogMeshReduction: No automatic skeletal mesh reduction module available
[2018.11.08-10.42.07:062][  0]LogNetVersion: BattleTank 1.0.0, NetCL: 4212847, EngineNetVer: 5, GameNetVer: 0 (Checksum: 486398009)
[2018.11.08-10.42.07:761][  0]LogPackageLocalizationCache: Processed 11 localized package path(s) for 2 prioritized culture(s) in 0.107544 seconds
[2018.11.08-10.42.07:767][  0]LogUObjectArray: 38425 objects as part of root set at end of initial load.
[2018.11.08-10.42.07:767][  0]LogUObjectAllocator: 6690864 out of 0 bytes used by permanent object pool.
[2018.11.08-10.42.07:767][  0]LogUObjectArray: CloseDisregardForGC: 0/0 objects in disregard for GC pool
[2018.11.08-10.42.08:902][  0]LogTcpMessaging: Initializing TcpMessaging bridge
[2018.11.08-10.42.08:915][  0]LogUdpMessaging: Initializing bridge on interface 0.0.0.0:0 to multicast group 230.0.0.1:6666.
[2018.11.08-10.42.09:116][  0]SourceControl: Source control is disabled
[2018.11.08-10.42.09:116][  0]SourceControl: Source control is disabled
[2018.11.08-10.42.09:118][  0]SourceControl: Source control is disabled
[2018.11.08-10.42.09:120][  0]SourceControl: Source control is disabled
[2018.11.08-10.42.09:317][  0]LogAndroidPermission: UAndroidPermissionCallbackProxy::GetInstance
[2018.11.08-10.42.09:471][  0]LogOcInput: OculusInput pre-init called
[2018.11.08-10.42.09:538][  0]LogEngine: Initializing Engine...
[2018.11.08-10.42.09:539][  0]LogHMD: Failed to initialize OpenVR with code 110
[2018.11.08-10.42.09:541][  0]LogStats: UGameplayTagsManager::ConstructGameplayTagTree: ImportINI prefixes -  0.000 s
[2018.11.08-10.42.09:541][  0]LogStats: UGameplayTagsManager::ConstructGameplayTagTree: Construct from data asset -  0.000 s
[2018.11.08-10.42.09:541][  0]LogStats: UGameplayTagsManager::ConstructGameplayTagTree: ImportINI -  0.000 s
[2018.11.08-10.42.09:541][  0]LogStats: UGameplayTagsManager::ConstructGameplayTagTree: GameplayTagTreeChangedEvent.Broadcast -  0.000 s
[2018.11.08-10.42.09:818][  0]LogInit: Initializing FReadOnlyCVARCache
[2018.11.08-10.42.09:842][  0]LogAIModule: Creating AISystem for world Untitled
[2018.11.08-10.42.09:888][  0]LogInit: XAudio2 using '3 - DELL U2414H (AMD High Definition Audio Device)' : 2 channels at 48 kHz using 16 bits per sample (channel mask 0x3)
[2018.11.08-10.42.09:910][  0]LogInit: FAudioDevice initialized.
[2018.11.08-10.42.09:910][  0]LogNetVersion: Set ProjectVersion to 1.0.0.0. Version Checksum will be recalculated on next use.
[2018.11.08-10.42.10:075][  0]LogDerivedDataCache: Saved boot cache 0.17s 71MB C:/Users/truon/AppData/Local/UnrealEngine/4.20/DerivedDataCache/Boot.ddc.
[2018.11.08-10.42.10:111][  0]LogInit: Texture streaming: Enabled
[2018.11.08-10.42.10:143][  0]LogEngineSessionManager: EngineSessionManager initialized
[2018.11.08-10.42.10:166][  0]LogInit: Transaction tracking system initialized
[2018.11.08-10.42.10:210][  0]BlueprintLog: New page: Editor Load
[2018.11.08-10.42.10:331][  0]LocalizationService: Localization service is disabled
[2018.11.08-10.42.10:955][  0]LogCook: Display: Max memory allowance for cook 16384mb min free memory 0mb
[2018.11.08-10.42.10:955][  0]LogCook: Display: Mobile HDR setting 1
[2018.11.08-10.42.10:955][  0]LogGameplayTags: Display: UGameplayTagsManager::DoneAddingNativeTags. DelegateIsBound: 0
[2018.11.08-10.42.10:955][  0]LogStats: UGameplayTagsManager::ConstructGameplayTagTree: ImportINI prefixes -  0.000 s
[2018.11.08-10.42.10:955][  0]LogStats: UGameplayTagsManager::ConstructGameplayTagTree: Construct from data asset -  0.000 s
[2018.11.08-10.42.10:955][  0]LogStats: UGameplayTagsManager::ConstructGameplayTagTree: ImportINI -  0.000 s
[2018.11.08-10.42.10:955][  0]LogStats: UGameplayTagsManager::ConstructGameplayTagTree: GameplayTagTreeChangedEvent.Broadcast -  0.000 s
[2018.11.08-10.42.11:090][  0]LogFileCache: Scanning file cache for directory 'F:/UnrealProjects/BattleTank/BattleTank/Content/' took 0.01s
[2018.11.08-10.42.11:091][  0]SourceControl: Source control is disabled
[2018.11.08-10.42.11:091][  0]Cmd: MAP LOAD FILE="../../../Engine/Content/Maps/Templates/Template_Default.umap" TEMPLATE=1 SHOWPROGRESS=1 FEATURELEVEL=3
[2018.11.08-10.42.11:091][  0]LightingResults: New page: Lighting Build
[2018.11.08-10.42.11:095][  0]MapCheck: New page: Map Check
[2018.11.08-10.42.11:095][  0]LightingResults: New page: Lighting Build
[2018.11.08-10.42.11:292][  0]LogAIModule: Creating AISystem for world Untitled_1
[2018.11.08-10.42.11:298][  0]LogEditorServer: Finished looking for orphan Actors (0.000 secs)
[2018.11.08-10.42.11:326][  0]Cmd: MAP CHECKDEP NOCLEARLOG
[2018.11.08-10.42.11:430][  0]MapCheck: Map check complete: 0 Error(s), 0 Warning(s), took 104.275ms to complete.
[2018.11.08-10.42.11:430][  0]LogFileHelpers: Loading map 'Template_Default' took 0.340
[2018.11.08-10.42.11:514][  0]LogSlate: Updating window title bar state: overlay mode, drag disabled, window buttons hidden, title bar hidden
[2018.11.08-10.42.11:524][  0]LogSlate: Updating window title bar state: overlay mode, drag disabled, window buttons hidden, title bar hidden
[2018.11.08-10.42.11:531][  0]LogSlate: Updating window title bar state: overlay mode, drag disabled, window buttons hidden, title bar hidden
[2018.11.08-10.42.11:540][  0]LogSlate: Updating window title bar state: overlay mode, drag disabled, window buttons hidden, title bar hidden
[2018.11.08-10.42.11:550][  0]LogCollectionManager: Loaded 0 collections in 0.003703 seconds
[2018.11.08-10.42.11:595][  0]LogFileCache: Scanning file cache for directory 'F:/UnrealProjects/BattleTank/BattleTank/Saved/Collections/' took 0.01s
[2018.11.08-10.42.11:595][  0]LogFileCache: Scanning file cache for directory 'F:/UnrealProjects/BattleTank/BattleTank/Content/Developers/truon/Collections/' took 0.01s
[2018.11.08-10.42.11:595][  0]LogFileCache: Scanning file cache for directory 'F:/UnrealProjects/BattleTank/BattleTank/Content/Collections/' took 0.01s
[2018.11.08-10.42.11:595][  0]LogCollectionManager: Rebuilt the GUID cache for 0 collections in 0.000000 seconds
[2018.11.08-10.42.11:606][  0]LogContentBrowser: Native class hierarchy populated in 0.0112 seconds. Added 2574 classes and 605 folders.
[2018.11.08-10.42.11:615][  0]LogContentBrowser: Native class hierarchy updated for 'WidgetCarousel' in 0.0004 seconds. Added 0 classes and 0 folders.
[2018.11.08-10.42.11:682][  0]LogContentBrowser: Native class hierarchy updated for 'AddContentDialog' in 0.0004 seconds. Added 0 classes and 0 folders.
[2018.11.08-10.42.11:689][  0]LogContentBrowser: Native class hierarchy updated for 'SceneOutliner' in 0.0006 seconds. Added 1 classes and 2 folders.
[2018.11.08-10.42.11:743][  0]LogDirectoryWatcher: Warning: Failed to begin reading directory changes for F:/UnrealProjects/BattleTank/BattleTank/Plugins/. Error: The system cannot find the file specified. (0x00000002)
[2018.11.08-10.42.12:931][  0]LogSlate: Only BGRA pngs, bmps or icos are supported in by External Image Picker
[2018.11.08-10.42.12:964][  0]LogSlate: Took 0.000326 seconds to synchronously load lazily loaded font '../../../Engine/Content/Slate/Fonts/Roboto-Regular.ttf' (155K)
[2018.11.08-10.42.12:968][  0]LogSlate: Took 0.000235 seconds to synchronously load lazily loaded font '../../../Engine/Content/Slate/Fonts/Roboto-Bold.ttf' (160K)
[2018.11.08-10.42.12:971][  0]LogSlate: Took 0.000233 seconds to synchronously load lazily loaded font '../../../Engine/Content/Editor/Slate/Fonts/FontAwesome.ttf' (139K)
[2018.11.08-10.42.13:040][  0]LogTemp: Executing iPhonePackager certificates Engine -bundlename com.YourCompany.BattleTank
[2018.11.08-10.42.13:040][  0]LogTemp: CWD: D:\Program Files (x86)\Unreal Engine\UE_4.20\Engine\Binaries\DotNET\IOS
[2018.11.08-10.42.13:040][  0]LogTemp: Initial Dir: D:\Program Files (x86)\Unreal Engine\UE_4.20
[2018.11.08-10.42.13:040][  0]LogTemp: Env CWD: D:\Program Files (x86)\Unreal Engine\UE_4.20\Engine\Binaries\DotNET\IOS
[2018.11.08-10.42.13:040][  0]LogTemp: BranchPath = DESKTOP-JJ2FPLO/D/Program Files (x86)/Unreal Engine/UE_4.20/Engine/Binaries --- GameBranchPath = DESKTOP-JJ2FPLO/D/Program Files (x86)/Unreal Engine/UE_4.20/Engine/Binaries
[2018.11.08-10.42.13:040][  0]LogTemp: IPP ERROR: Could not find provision directory 'C:\Users\truon\AppData\Local/Apple Computer/MobileDevice/Provisioning Profiles/'.
[2018.11.08-10.42.13:040][  0]LogRenderer: Reallocating scene render targets to support 1468x628 Format 9 NumSamples 1 (Frame:1).
[2018.11.08-10.42.13:086][  0]LogSlate: Took 0.000273 seconds to synchronously load lazily loaded font '../../../Engine/Content/Slate/Fonts/Roboto-Light.ttf' (167K)
[2018.11.08-10.42.13:179][  0]LogContentBrowser: Native class hierarchy updated for 'HierarchicalLODOutliner' in 0.0005 seconds. Added 0 classes and 0 folders.
[2018.11.08-10.42.13:179][  0]LogLoad: (Engine Initialization) Total time: 12.62 seconds
[2018.11.08-10.42.13:179][  0]LogLoad: (Engine Initialization) Total Blueprint compile time: 0.00 seconds
[2018.11.08-10.42.13:221][  0]LogContentStreaming: Texture pool size now 600 MB
[2018.11.08-10.42.13:264][  1]LogAssetRegistry: Asset discovery search completed in 6.8578 seconds
[2018.11.08-10.42.13:266][  1]LogCollectionManager: Rebuilt the object cache for 0 collections in 0.000001 seconds (found 0 objects)
[2018.11.08-10.42.13:266][  1]LogCollectionManager: Fixed up redirectors for 0 collections in 0.000071 seconds (updated 0 objects)
[2018.11.08-10.42.14:598][  5]LogSlate: Took 0.000343 seconds to synchronously load lazily loaded font '../../../Engine/Content/Slate/Fonts/Roboto-Light.ttf' (167K)
[2018.11.08-10.43.36:608][865]LogSlate: FSceneViewport::OnFocusLost() reason 0
[2018.11.08-10.43.41:475][431]LogLinker: Warning: Can't find file '/Game/Tank/tank_green_002'
[2018.11.08-10.43.41:475][431]LogLinker: Warning: Can't find file for asset '/Game/Tank/tank_green_002' while loading F:/UnrealProjects/BattleTank/BattleTank/Content/Tank/tank_fbx_Barrel.uasset.
[2018.11.08-10.43.41:475][431]LoadErrors: Error: /Game/Tank/tank_fbx_Barrel : Can't find file for asset. /Game/Tank/tank_green_002
[2018.11.08-10.43.41:475][431]LogLinker: Warning: Can't find file '/Game/Tank/tank_green_002'
[2018.11.08-10.43.41:475][431]LogLinker: Warning: Can't find file for asset '/Game/Tank/tank_green_002' while loading F:/UnrealProjects/BattleTank/BattleTank/Content/Tank/tank_fbx_Barrel.uasset.
[2018.11.08-10.43.41:484][431]LogLinker: Warning: Can't find file '/Game/Tank/track_001'
[2018.11.08-10.43.41:484][431]LogLinker: Warning: Can't find file for asset '/Game/Tank/track_001' while loading F:/UnrealProjects/BattleTank/BattleTank/Content/Tank/tank_fbx_Track.uasset.
[2018.11.08-10.43.41:484][431]LoadErrors: Error: /Game/Tank/tank_fbx_Track : Can't find file for asset. /Game/Tank/track_001
[2018.11.08-10.43.41:484][431]LogLinker: Warning: Can't find file '/Game/Tank/track_001'
[2018.11.08-10.43.41:485][431]LogLinker: Warning: Can't find file for asset '/Game/Tank/track_001' while loading F:/UnrealProjects/BattleTank/BattleTank/Content/Tank/tank_fbx_Track.uasset.
[2018.11.08-10.43.41:514][431]LogLinker: Warning: Can't find file '/Game/Tank/track_001'
[2018.11.08-10.43.41:514][431]LoadErrors: Failed to load /Game/Tank/track_001.track_001 Referenced by tank_fbx_Track
[2018.11.08-10.43.41:514][431]LogLinker: Warning: Can't find file for asset '/Game/Tank/track_001' while loading NULL.
[2018.11.08-10.43.41:515][431]LogLinker: Warning: Can't find file '/Game/Tank/track_001'
[2018.11.08-10.43.41:515][431]LogLinker: Warning: Can't find file for asset '/Game/Tank/track_001' while loading NULL.
[2018.11.08-10.43.41:515][431]LogLinker: Warning: Can't find file '/Game/Tank/tank_green_002'
[2018.11.08-10.43.41:515][431]LoadErrors: Failed to load /Game/Tank/tank_green_002.tank_green_002 Referenced by tank_fbx_Barrel
[2018.11.08-10.43.41:515][431]LogLinker: Warning: Can't find file for asset '/Game/Tank/tank_green_002' while loading NULL.
[2018.11.08-10.43.41:516][431]LogLinker: Warning: Can't find file '/Game/Tank/tank_green_002'
[2018.11.08-10.43.41:516][431]LogLinker: Warning: Can't find file for asset '/Game/Tank/tank_green_002' while loading NULL.
[2018.11.08-10.43.41:560][431]LogAssetEditorManager: Opening Asset editor for Blueprint /Game/Tank/Tank_BP.Tank_BP
[2018.11.08-10.43.41:971][431]LogContentBrowser: Native class hierarchy updated for 'BlueprintGraph' in 0.0007 seconds. Added 116 classes and 0 folders.
[2018.11.08-10.43.43:483][431]LogSlate: Took 0.000637 seconds to synchronously load lazily loaded font '../../../Engine/Content/Slate/Fonts/Roboto-BoldCondensed.ttf' (158K)
[2018.11.08-10.43.43:886][432]LogSlate: Took 0.000648 seconds to synchronously load lazily loaded font '../../../Engine/Content/Slate/Fonts/Roboto-Italic.ttf' (157K)
[2018.11.08-10.43.45:485][602]LogSlate: Window 'Tank_BP' being destroyed
[2018.11.08-10.44.26:477][481]Running D:/Program Files (x86)/Unreal Engine/UE_4.20/Engine/Binaries/DotNET/UnrealBuildTool.exe Win64 Development -TargetType=Editor -Project="F:/UnrealProjects/BattleTank/BattleTank/BattleTank.uproject" -invalidatemakefilesonly
[2018.11.08-10.44.27:493][481]Invalidating makefiles only in this run.
[2018.11.08-10.44.27:613][481]Candidate modules for hot reload:
[2018.11.08-10.44.27:613][481]  BattleTank
[2018.11.08-10.44.27:613][481]Launching UnrealBuildTool... [D:/Program Files (x86)/Unreal Engine/UE_4.20/Engine/Binaries/DotNET/UnrealBuildTool.exe  -ModuleWithSuffix=BattleTank,672 Win64 Development -TargetType=Editor -Project="F:/UnrealProjects/BattleTank/BattleTank/BattleTank.uproject" -canskiplink "F:/UnrealProjects/BattleTank/BattleTank/BattleTank.uproject" ]
[2018.11.08-10.44.48:989][481]CompilerResultsLog: New page: Compilation - Nov 9, 2018, 12:44:48 AM
[2018.11.08-10.44.48:989][481]CompilerResultsLog: Using 'git status' to determine working set for adaptive non-unity build.
[2018.11.08-10.44.48:989][481]CompilerResultsLog: Creating makefile for hot reloading BattleTankEditor (no existing makefile)
[2018.11.08-10.44.48:989][481]CompilerResultsLog: Compiling game modules for hot reload
[2018.11.08-10.44.48:989][481]CompilerResultsLog: Using Visual Studio 2017 14.15.26726 toolchain (C:\Program Files (x86)\Microsoft Visual Studio\2017\Community\VC\Tools\MSVC\14.15.26726) and Windows 10.0.16299.0 SDK (C:\Program Files (x86)\Windows Kits\10).
[2018.11.08-10.44.48:989][481]CompilerResultsLog: Parsing headers for BattleTankEditor
[2018.11.08-10.44.48:989][481]CompilerResultsLog:   Running UnrealHeaderTool "F:\UnrealProjects\BattleTank\BattleTank\BattleTank.uproject" "F:\UnrealProjects\BattleTank\BattleTank\Intermediate\Build\Win64\BattleTankEditor\Development\BattleTankEditor.uhtmanifest" -LogCmds="loginit warning, logexit warning, logdatabase error" -Unattended -WarningsAsErrors -installed
[2018.11.08-10.44.48:989][481]CompilerResultsLog: Reflection code generated for BattleTankEditor in 11.7287537 seconds
[2018.11.08-10.44.48:989][481]CompilerResultsLog: Building 12 actions with 12 processes...
[2018.11.08-10.44.48:989][481]CompilerResultsLog:   [1/12] TankPlayerController.cpp
[2018.11.08-10.44.48:989][481]CompilerResultsLog:    F:\UnrealProjects\BattleTank\BattleTank\Source\BattleTank\TankPlayerController.cpp(8) : error C2561: 'ATankPlayerController::GetControllerTank': function must return a value
[2018.11.08-10.44.48:989][481]CompilerResultsLog:   F:\UnrealProjects\BattleTank\BattleTank\Source\BattleTank\TankPlayerController.cpp(5): note: see declaration of 'ATankPlayerController::GetControllerTank'
[2018.11.08-10.44.48:989][481]CompilerResultsLog:   [2/12] BattleTank.cpp
[2018.11.08-10.44.48:989][481]CompilerResultsLog:   [3/12] TankPawn.cpp
[2018.11.08-10.44.48:989][481]CompilerResultsLog:   [4/12] Tank.cpp
[2018.11.08-10.44.48:989][481]CompilerResultsLog:   [5/12] BattleTank.init.gen.cpp
[2018.11.08-10.44.48:989][481]CompilerResultsLog:   [6/12] BattleTankGameModeBase.cpp
[2018.11.08-10.44.48:989][481]CompilerResultsLog:   [7/12] Tank.gen.cpp
[2018.11.08-10.44.48:989][481]CompilerResultsLog:   [8/12] TankPlayerController.gen.cpp
[2018.11.08-10.44.48:989][481]CompilerResultsLog:   [9/12] BattleTankGameModeBase.gen.cpp
[2018.11.08-10.44.48:989][481]CompilerResultsLog:   [10/12] TankPawn.gen.cpp
[2018.11.08-10.44.48:989][481]CompilerResultsLog: ERROR: UBT ERROR: Failed to produce item: F:\UnrealProjects\BattleTank\BattleTank\Binaries\Win64\UE4Editor-BattleTank-672.dll
[2018.11.08-10.44.48:989][481]CompilerResultsLog:        (see ../Programs/UnrealBuildTool/Log.txt for full exception trace)
[2018.11.08-10.44.48:989][481]CompilerResultsLog: Total build time: 21.13 seconds (Parallel executor: 0.00 seconds)
[2018.11.08-10.44.48:989][481]LogMainFrame: MainFrame: Module compiling took 21.382 seconds
[2018.11.08-10.44.48:990][481]Warning: HotReload failed, recompile failed
[2018.11.08-10.44.48:994][481]Warning: RebindPackages failed because compilation failed.
[2018.11.08-10.46.26:305][481]LogSlate: Window 'Message' being destroyed
[2018.11.08-10.46.26:311][481]LogSlate: Window 'Add C++ Class' being destroyed
[2018.11.08-10.46.44:522][732]Candidate modules for hot reload:
[2018.11.08-10.46.44:522][732]  BattleTank
[2018.11.08-10.46.44:523][732]Launching UnrealBuildTool... [D:/Program Files (x86)/Unreal Engine/UE_4.20/Engine/Binaries/DotNET/UnrealBuildTool.exe  -ModuleWithSuffix=BattleTank,1324 Win64 Development -TargetType=Editor -Project="F:/UnrealProjects/BattleTank/BattleTank/BattleTank.uproject" -canskiplink "F:/UnrealProjects/BattleTank/BattleTank/BattleTank.uproject" ]
[2018.11.08-10.46.44:530][732]Warning: Starting HotReload took  0.0s.
[2018.11.08-10.47.03:829][493]CompilerResultsLog: New page: Compilation - Nov 9, 2018, 12:47:03 AM
[2018.11.08-10.47.03:830][493]CompilerResultsLog: Using 'git status' to determine working set for adaptive non-unity build.
[2018.11.08-10.47.03:830][493]CompilerResultsLog: Compiling game modules for hot reload
[2018.11.08-10.47.03:830][493]CompilerResultsLog: Parsing headers for BattleTankEditor
[2018.11.08-10.47.03:830][493]CompilerResultsLog:   Running UnrealHeaderTool "F:\UnrealProjects\BattleTank\BattleTank\BattleTank.uproject" "F:\UnrealProjects\BattleTank\BattleTank\Intermediate\Build\Win64\BattleTankEditor\Development\BattleTankEditor.uhtmanifest" -LogCmds="loginit warning, logexit warning, logdatabase error" -Unattended -WarningsAsErrors -installed
[2018.11.08-10.47.03:830][493]CompilerResultsLog: Reflection code generated for BattleTankEditor in 13.2353925 seconds
[2018.11.08-10.47.03:830][493]CompilerResultsLog: Building 4 actions with 12 processes...
[2018.11.08-10.47.03:830][493]CompilerResultsLog:   [1/4] TankPlayerController.cpp
[2018.11.08-10.47.03:830][493]CompilerResultsLog:   [2/4] TankPlayerController.gen.cpp
[2018.11.08-10.47.03:830][493]CompilerResultsLog:   [3/4] UE4Editor-BattleTank-1324.lib
[2018.11.08-10.47.03:830][493]CompilerResultsLog:      Creating library F:\UnrealProjects\BattleTank\BattleTank\Intermediate\Build\Win64\UE4Editor\Development\BattleTank\UE4Editor-BattleTank-1324.lib and object F:\UnrealProjects\BattleTank\BattleTank\Intermediate\Build\Win64\UE4Editor\Development\BattleTank\UE4Editor-BattleTank-1324.exp
[2018.11.08-10.47.03:830][493]CompilerResultsLog:   [4/4] UE4Editor-BattleTank-1324.dll
[2018.11.08-10.47.03:830][493]CompilerResultsLog:      Creating library F:\UnrealProjects\BattleTank\BattleTank\Intermediate\Build\Win64\UE4Editor\Development\BattleTank\UE4Editor-BattleTank-1324.suppressed.lib and object F:\UnrealProjects\BattleTank\BattleTank\Intermediate\Build\Win64\UE4Editor\Development\BattleTank\UE4Editor-BattleTank-1324.suppressed.exp
[2018.11.08-10.47.03:830][493]CompilerResultsLog: Total build time: 18.79 seconds (Parallel executor: 2.09 seconds)
[2018.11.08-10.47.03:830][493]LogMainFrame: MainFrame: Module compiling took 19.314 seconds
[2018.11.08-10.47.03:911][493]LogClass: Could not find existing class Tank in package /Script/BattleTank for HotReload, assuming new class
[2018.11.08-10.47.03:911][493]LogClass: Could not find existing class TankPawn in package /Script/BattleTank for HotReload, assuming new class
[2018.11.08-10.47.03:915][493]LogContentBrowser: Native class hierarchy updated for 'BattleTank' in 0.0006 seconds. Added 4 classes and 3 folders.
[2018.11.08-10.47.03:920][493]Display: HotReload successful (0 functions remapped  0 scriptstructs remapped)
[2018.11.08-10.47.04:477][493]LogContentBrowser: Native class hierarchy populated in 0.0106 seconds. Added 2577 classes and 608 folders.
[2018.11.08-10.47.04:477][493]Display: HotReload took 20.0s.
[2018.11.08-10.47.15:358][485]LogSlate: Prevented a slow task dialog from being summoned while a context menu was open
[2018.11.08-10.47.19:989][985]LogBlueprint: Warning: Reparenting blueprint Blueprint /Game/Tank/Tank_BP.Tank_BP from Pawn to Tank...
[2018.11.08-10.47.20:008][985]BlueprintLog: New page: Compile Tank_BP
[2018.11.08-10.47.21:993][152]Cmd: OBJ SAVEPACKAGE PACKAGE="/Game/Tank/Tank_BP" FILE="F:/UnrealProjects/BattleTank/BattleTank/Content/Tank/Tank_BP.uasset" SILENT=true
[2018.11.08-10.47.22:047][152]LogSavePackage: Moving 'F:/UnrealProjects/BattleTank/BattleTank/Saved/Tank_BP9618AD3248822AAD7A8CE79DB36E668E.tmp' to 'F:/UnrealProjects/BattleTank/BattleTank/Content/Tank/Tank_BP.uasset'
[2018.11.08-10.48.49:061][819]Candidate modules for hot reload:
[2018.11.08-10.48.49:061][819]  BattleTank
[2018.11.08-10.48.49:061][819]Launching UnrealBuildTool... [D:/Program Files (x86)/Unreal Engine/UE_4.20/Engine/Binaries/DotNET/UnrealBuildTool.exe  -ModuleWithSuffix=BattleTank,5424 Win64 Development -TargetType=Editor -Project="F:/UnrealProjects/BattleTank/BattleTank/BattleTank.uproject" -canskiplink "F:/UnrealProjects/BattleTank/BattleTank/BattleTank.uproject" ]
[2018.11.08-10.48.49:066][819]Warning: Starting HotReload took  0.0s.
[2018.11.08-10.48.53:656][126]CompilerResultsLog: New page: Compilation - Nov 9, 2018, 12:48:53 AM
[2018.11.08-10.48.53:656][126]CompilerResultsLog: Using 'git status' to determine working set for adaptive non-unity build.
[2018.11.08-10.48.53:656][126]CompilerResultsLog: Compiling game modules for hot reload
[2018.11.08-10.48.53:656][126]CompilerResultsLog: Building 3 actions with 12 processes...
[2018.11.08-10.48.53:656][126]CompilerResultsLog:   [1/3] TankPlayerController.cpp
[2018.11.08-10.48.53:656][126]CompilerResultsLog:    f:\unrealprojects\battletank\battletank\source\battletank\tankplayercontroller.cpp(9)  : error C4716: 'ATankPlayerController::GetControllerTank': must return a value
[2018.11.08-10.48.53:656][126]CompilerResultsLog: ERROR: UBT ERROR: Failed to produce item: F:\UnrealProjects\BattleTank\BattleTank\Binaries\Win64\UE4Editor-BattleTank-5424.dll
[2018.11.08-10.48.53:656][126]CompilerResultsLog:        (see ../Programs/UnrealBuildTool/Log.txt for full exception trace)
[2018.11.08-10.48.53:656][126]CompilerResultsLog: Total build time: 4.30 seconds (Parallel executor: 0.00 seconds)
[2018.11.08-10.48.53:657][126]LogMainFrame: MainFrame: Module compiling took 4.601 seconds
[2018.11.08-10.48.53:657][126]Warning: HotReload failed, recompile failed
[2018.11.08-10.49.41:939][380]Candidate modules for hot reload:
[2018.11.08-10.49.41:939][380]  BattleTank
[2018.11.08-10.49.41:939][380]Launching UnrealBuildTool... [D:/Program Files (x86)/Unreal Engine/UE_4.20/Engine/Binaries/DotNET/UnrealBuildTool.exe  -ModuleWithSuffix=BattleTank,3936 Win64 Development -TargetType=Editor -Project="F:/UnrealProjects/BattleTank/BattleTank/BattleTank.uproject" -canskiplink "F:/UnrealProjects/BattleTank/BattleTank/BattleTank.uproject" ]
[2018.11.08-10.49.41:944][380]Warning: Starting HotReload took  0.0s.
[2018.11.08-10.49.46:295][737]CompilerResultsLog: New page: Compilation - Nov 9, 2018, 12:49:46 AM
[2018.11.08-10.49.46:295][737]CompilerResultsLog: Using 'git status' to determine working set for adaptive non-unity build.
[2018.11.08-10.49.46:295][737]CompilerResultsLog: Compiling game modules for hot reload
[2018.11.08-10.49.46:295][737]CompilerResultsLog: Building 3 actions with 12 processes...
[2018.11.08-10.49.46:295][737]CompilerResultsLog:   [1/3] TankPlayerController.cpp
[2018.11.08-10.49.46:295][737]CompilerResultsLog:    f:\unrealprojects\battletank\battletank\source\battletank\tankplayercontroller.cpp(9)  : error C4700: uninitialized local variable 'Tank' used
[2018.11.08-10.49.46:295][737]CompilerResultsLog: ERROR: UBT ERROR: Failed to produce item: F:\UnrealProjects\BattleTank\BattleTank\Binaries\Win64\UE4Editor-BattleTank-3936.dll
[2018.11.08-10.49.46:295][737]CompilerResultsLog:        (see ../Programs/UnrealBuildTool/Log.txt for full exception trace)
[2018.11.08-10.49.46:295][737]CompilerResultsLog: Total build time: 3.88 seconds (Parallel executor: 0.00 seconds)
[2018.11.08-10.49.46:296][737]LogMainFrame: MainFrame: Module compiling took 4.362 seconds
[2018.11.08-10.49.46:296][737]Warning: HotReload failed, recompile failed
[2018.11.08-10.51.34:299][248]LogLinker: Warning: Can't find file '/Game/NewBlueprint'
[2018.11.08-10.51.34:299][248]LogLinker: Warning: Can't find file '/Game/NewBlueprint'
[2018.11.08-10.51.34:299][248]LogUObjectGlobals: Warning: Failed to find object 'Object /Game/NewBlueprint.NewBlueprint_C'
[2018.11.08-10.51.42:657][231]LogSlate: Prevented a slow task dialog from being summoned while a context menu was open
[2018.11.08-10.51.45:296][527]LogSlate: Prevented a slow task dialog from being summoned while a context menu was open
[2018.11.08-10.51.51:479][252]LogSlate: Prevented a slow task dialog from being summoned while a context menu was open
[2018.11.08-10.51.55:063][675]LogSlate: Prevented a slow task dialog from being summoned while a context menu was open
[2018.11.08-10.51.57:305][930]LogTemp: Repeating last play command: Selected Viewport
[2018.11.08-10.51.57:324][930]LogPlayLevel: PlayLevel: No blueprints needed recompiling
[2018.11.08-10.51.57:336][930]PIE: New page: PIE session: Untitled_1 (Nov 9, 2018, 12:51:57 AM)
[2018.11.08-10.51.57:336][930]LogPlayLevel: Creating play world package: /Temp/UEDPIE_0_Untitled_1
[2018.11.08-10.51.57:339][930]LogPlayLevel: PIE: StaticDuplicateObject took: (0.003097s)
[2018.11.08-10.51.57:340][930]LogAIModule: Creating AISystem for world Untitled_1
[2018.11.08-10.51.57:340][930]LogPlayLevel: PIE: World Init took: (0.000822s)
[2018.11.08-10.51.57:340][930]LogPlayLevel: PIE: Created PIE world by copying editor world from /Temp/Untitled_1.Untitled_1 to /Temp/UEDPIE_0_Untitled_1.Untitled_1 (0.004082s)
[2018.11.08-10.51.57:394][930]LogInit: XAudio2 using '3 - DELL U2414H (AMD High Definition Audio Device)' : 2 channels at 48 kHz using 16 bits per sample (channel mask 0x3)
[2018.11.08-10.51.57:405][930]LogInit: FAudioDevice initialized.
[2018.11.08-10.51.57:448][930]LogLoad: Game class is 'Tank_GameMode_C'
[2018.11.08-10.51.57:452][930]LogWorld: Bringing World /Temp/UEDPIE_0_Untitled_1.Untitled_1 up for play (max tick rate 0) at 2018.11.08-17.51.57
[2018.11.08-10.51.57:453][930]LogWorld: Bringing up level for play took: 0.001327
[2018.11.08-10.51.57:536][930]LogContentBrowser: Native class hierarchy updated for 'MovieSceneCapture' in 0.0004 seconds. Added 10 classes and 0 folders.
[2018.11.08-10.51.57:538][930]PIE: Play in editor start time for /Temp/UEDPIE_0_Untitled_1 -0.362
[2018.11.08-10.52.01:918][446]LogSlate: Updating window title bar state: overlay mode, drag disabled, window buttons hidden, title bar hidden
[2018.11.08-10.52.01:954][446]LogPlayLevel: Display: Shutting down PIE online subsystems
[2018.11.08-10.52.02:006][446]LogSlate: Updating window title bar state: overlay mode, drag disabled, window buttons hidden, title bar hidden
[2018.11.08-10.52.02:024][447]LogPlayLevel: Display: Destroying online subsystem :Context_5
[2018.11.08-10.52.14:598][330]LogSlate: FSceneViewport::OnFocusLost() reason 0
[2018.11.08-10.52.16:031][456]LogAIModule: Creating AISystem for world BattleGround
[2018.11.08-10.52.16:088][456]LogAssetEditorManager: Opening Asset editor for World /Game/BattleGround.BattleGround
[2018.11.08-10.52.17:320][456]LogSlate: Window 'Save Content' being destroyed
[2018.11.08-10.52.17:327][456]Cmd: OBJ SAVEPACKAGE PACKAGE="/Game/Tank_GameMode" FILE="F:/UnrealProjects/BattleTank/BattleTank/Content/Tank_GameMode.uasset" SILENT=true
[2018.11.08-10.52.17:352][456]LogSavePackage: Moving 'F:/UnrealProjects/BattleTank/BattleTank/Saved/Tank_GameMode5A880E8446047A044084EC9070EB81DE.tmp' to 'F:/UnrealProjects/BattleTank/BattleTank/Content/Tank_GameMode.uasset'
[2018.11.08-10.52.17:356][456]Cmd: MAP LOAD FILE="F:/UnrealProjects/BattleTank/BattleTank/Content/BattleGround.umap" TEMPLATE=0 SHOWPROGRESS=1 FEATURELEVEL=3
[2018.11.08-10.52.17:356][456]LightingResults: New page: Lighting Build
[2018.11.08-10.52.17:357][456]LoadErrors: New page: Loading map: BattleGround.umap
[2018.11.08-10.52.17:357][456]MapCheck: New page: Map Check
[2018.11.08-10.52.17:357][456]LightingResults: New page: Lighting Build
[2018.11.08-10.52.18:077][456]LogEditorServer: Finished looking for orphan Actors (0.000 secs)
[2018.11.08-10.52.18:167][456]Cmd: MAP CHECKDEP NOCLEARLOG
[2018.11.08-10.52.18:357][456]MapCheck: Map check complete: 0 Error(s), 0 Warning(s), took 189.189ms to complete.
[2018.11.08-10.52.18:363][456]LogFileHelpers: Loading map 'BattleGround' took 1.008
[2018.11.08-10.52.18:862][484]LogTemp: Repeating last play command: Selected Viewport
[2018.11.08-10.52.18:884][484]LogPlayLevel: PlayLevel: No blueprints needed recompiling
[2018.11.08-10.52.18:885][484]PIE: New page: PIE session: BattleGround (Nov 9, 2018, 12:52:18 AM)
[2018.11.08-10.52.18:885][484]LogPlayLevel: Creating play world package: /Game/UEDPIE_0_BattleGround
[2018.11.08-10.52.19:126][484]LogPlayLevel: PIE: StaticDuplicateObject took: (0.241555s)
[2018.11.08-10.52.19:127][484]LogAIModule: Creating AISystem for world BattleGround
[2018.11.08-10.52.19:127][484]LogPlayLevel: PIE: World Init took: (0.000918s)
[2018.11.08-10.52.19:127][484]LogPlayLevel: PIE: Created PIE world by copying editor world from /Game/BattleGround.BattleGround to /Game/UEDPIE_0_BattleGround.BattleGround (0.242680s)
[2018.11.08-10.52.19:217][484]LogInit: XAudio2 using '3 - DELL U2414H (AMD High Definition Audio Device)' : 2 channels at 48 kHz using 16 bits per sample (channel mask 0x3)
[2018.11.08-10.52.19:245][484]LogInit: FAudioDevice initialized.
[2018.11.08-10.52.19:282][484]LogLoad: Game class is 'Tank_GameMode_C'
[2018.11.08-10.52.19:289][484]LogWorld: Bringing World /Game/UEDPIE_0_BattleGround.BattleGround up for play (max tick rate 0) at 2018.11.08-17.52.19
[2018.11.08-10.52.19:290][484]LogWorld: Bringing up level for play took: 0.005466
[2018.11.08-10.52.19:306][484]PIE: Play in editor start time for /Game/UEDPIE_0_BattleGround 1.408
[2018.11.08-10.52.30:881][289]LogSlate: FSceneViewport::OnFocusLost() reason 0
[2018.11.08-10.52.36:200][697]Cmd: SELECT NONE
[2018.11.08-10.52.49:292][ 63]LogSlate: Updating window title bar state: overlay mode, drag disabled, window buttons hidden, title bar hidden
[2018.11.08-10.52.49:325][ 63]LogPlayLevel: Display: Shutting down PIE online subsystems
[2018.11.08-10.52.49:359][ 63]LogSlate: Updating window title bar state: overlay mode, drag disabled, window buttons hidden, title bar hidden
[2018.11.08-10.52.49:397][ 67]LogPlayLevel: Display: Destroying online subsystem :Context_6
[2018.11.08-10.52.54:040][558]LogAssetEditorManager: Opening Asset editor for Blueprint /Game/Tank_GameMode.Tank_GameMode
[2018.11.08-10.52.54:438][558]LogTabManager: Warning: Cannot spawn tab because no spawner is registered for 'CompilerResults'
[2018.11.08-10.52.57:998][974]LogSlate: Window 'CompilerResults' being destroyed
